Performing C++ SOURCE FILE Test CMAKE_HAVE_LIBC_PTHREAD failed with the following output:
Change Dir: /home/khaymon/escape_game/cmake-build-debug/CMakeFiles/CMakeTmp

Run Build Command(s):/usr/bin/make cmTC_46fe3/fast && /usr/bin/make  -f CMakeFiles/cmTC_46fe3.dir/build.make CMakeFiles/cmTC_46fe3.dir/build
make[1]: Entering directory '/home/khaymon/escape_game/cmake-build-debug/CMakeFiles/CMakeTmp'
Building CXX object CMakeFiles/cmTC_46fe3.dir/src.cxx.o
/usr/bin/c++    -DCMAKE_HAVE_LIBC_PTHREAD   -o CMakeFiles/cmTC_46fe3.dir/src.cxx.o -c /home/khaymon/escape_game/cmake-build-debug/CMakeFiles/CMakeTmp/src.cxx
Linking CXX executable cmTC_46fe3
/snap/clion/145/bin/cmake/linux/bin/cmake -E cmake_link_script CMakeFiles/cmTC_46fe3.dir/link.txt --verbose=1
/usr/bin/c++   -DCMAKE_HAVE_LIBC_PTHREAD    CMakeFiles/cmTC_46fe3.dir/src.cxx.o  -o cmTC_46fe3 
/usr/bin/ld: CMakeFiles/cmTC_46fe3.dir/src.cxx.o: in function `main':
src.cxx:(.text+0x46): undefined reference to `pthread_create'
/usr/bin/ld: src.cxx:(.text+0x52): undefined reference to `pthread_detach'
/usr/bin/ld: src.cxx:(.text+0x5e): undefined reference to `pthread_cancel'
/usr/bin/ld: src.cxx:(.text+0x6f): undefined reference to `pthread_join'
collect2: error: ld returned 1 exit status
make[1]: *** [CMakeFiles/cmTC_46fe3.dir/build.make:107: cmTC_46fe3] Error 1
make[1]: Leaving directory '/home/khaymon/escape_game/cmake-build-debug/CMakeFiles/CMakeTmp'
make: *** [Makefile:141: cmTC_46fe3/fast] Error 2


Source file was:
#include <pthread.h>

void* test_func(void* data)
{
  return data;
}

int main(void)
{
  pthread_t thread;
  pthread_create(&thread, NULL, test_func, NULL);
  pthread_detach(thread);
  pthread_cancel(thread);
  pthread_join(thread, NULL);
  pthread_atfork(NULL, NULL, NULL);
  pthread_exit(NULL);

  return 0;
}

Determining if the function pthread_create exists in the pthreads failed with the following output:
Change Dir: /home/khaymon/escape_game/cmake-build-debug/CMakeFiles/CMakeTmp

Run Build Command(s):/usr/bin/make cmTC_b3f0e/fast && /usr/bin/make  -f CMakeFiles/cmTC_b3f0e.dir/build.make CMakeFiles/cmTC_b3f0e.dir/build
make[1]: Entering directory '/home/khaymon/escape_game/cmake-build-debug/CMakeFiles/CMakeTmp'
Building CXX object CMakeFiles/cmTC_b3f0e.dir/CheckFunctionExists.cxx.o
/usr/bin/c++    -DCHECK_FUNCTION_EXISTS=pthread_create   -o CMakeFiles/cmTC_b3f0e.dir/CheckFunctionExists.cxx.o -c /home/khaymon/escape_game/cmake-build-debug/CMakeFiles/CheckLibraryExists/CheckFunctionExists.cxx
Linking CXX executable cmTC_b3f0e
/snap/clion/145/bin/cmake/linux/bin/cmake -E cmake_link_script CMakeFiles/cmTC_b3f0e.dir/link.txt --verbose=1
/usr/bin/c++   -DCHECK_FUNCTION_EXISTS=pthread_create    CMakeFiles/cmTC_b3f0e.dir/CheckFunctionExists.cxx.o  -o cmTC_b3f0e  -lpthreads 
/usr/bin/ld: cannot find -lpthreads
collect2: error: ld returned 1 exit status
make[1]: *** [CMakeFiles/cmTC_b3f0e.dir/build.make:107: cmTC_b3f0e] Error 1
make[1]: Leaving directory '/home/khaymon/escape_game/cmake-build-debug/CMakeFiles/CMakeTmp'
make: *** [Makefile:141: cmTC_b3f0e/fast] Error 2



